# JRE version: OpenJDK Runtime Environment (8.0_382-b05) (build 1.8.0_382-b05)
# Java VM: OpenJDK 64-Bit Server VM (25.382-b05 mixed mode windows-amd64 compressed oops)
Heap:
 PSYoungGen      total 194048K, used 117064K [0x000000074b580000, 0x0000000758180000, 0x00000007c0000000)
  eden space 179200K, 65% used [0x000000074b580000,0x00000007527d2128,0x0000000756480000)
  from space 14848K, 0% used [0x0000000757300000,0x0000000757300000,0x0000000758180000)
  to   space 14848K, 0% used [0x0000000756480000,0x0000000756480000,0x0000000757300000)
 ParOldGen       total 175104K, used 21824K [0x0000000662000000, 0x000000066cb00000, 0x000000074b580000)
  object space 175104K, 12% used [0x0000000662000000,0x0000000663550198,0x000000066cb00000)
 Metaspace       used 22625K, capacity 22998K, committed 23168K, reserved 1069056K
  class space    used 2795K, capacity 2897K, committed 2944K, reserved 1048576K
GC Heap History (6 events):
Event: 0.572 GC heap before
{Heap before GC invocations=1 (full 0):
 PSYoungGen      total 104448K, used 89600K [0x000000074b580000, 0x0000000752a00000, 0x00000007c0000000)
  eden space 89600K, 100% used [0x000000074b580000,0x0000000750d00000,0x0000000750d00000)
  from space 14848K, 0% used [0x0000000751b80000,0x0000000751b80000,0x0000000752a00000)
  to   space 14848K, 0% used [0x0000000750d00000,0x0000000750d00000,0x0000000751b80000)
 ParOldGen       total 239104K, used 0K [0x0000000662000000, 0x0000000670980000, 0x000000074b580000)
  object space 239104K, 0% used [0x0000000662000000,0x0000000662000000,0x0000000670980000)
 Metaspace       used 12943K, capacity 13116K, committed 13184K, reserved 1060864K
  class space    used 1559K, capacity 1640K, committed 1664K, reserved 1048576K
Event: 0.578 GC heap after
Heap after GC invocations=1 (full 0):
 PSYoungGen      total 104448K, used 14825K [0x000000074b580000, 0x0000000758180000, 0x00000007c0000000)
  eden space 89600K, 0% used [0x000000074b580000,0x000000074b580000,0x0000000750d00000)
  from space 14848K, 99% used [0x0000000750d00000,0x0000000751b7a748,0x0000000751b80000)
  to   space 14848K, 0% used [0x0000000757300000,0x0000000757300000,0x0000000758180000)
 ParOldGen       total 239104K, used 45K [0x0000000662000000, 0x0000000670980000, 0x000000074b580000)
  object space 239104K, 0% used [0x0000000662000000,0x000000066200b738,0x0000000670980000)
 Metaspace       used 12943K, capacity 13116K, committed 13184K, reserved 1060864K
  class space    used 1559K, capacity 1640K, committed 1664K, reserved 1048576K
}
Event: 1.205 GC heap before
{Heap before GC invocations=2 (full 0):
 PSYoungGen      total 104448K, used 99572K [0x000000074b580000, 0x0000000758180000, 0x00000007c0000000)
  eden space 89600K, 94% used [0x000000074b580000,0x0000000750842c30,0x0000000750d00000)
  from space 14848K, 99% used [0x0000000750d00000,0x0000000751b7a748,0x0000000751b80000)
  to   space 14848K, 0% used [0x0000000757300000,0x0000000757300000,0x0000000758180000)
 ParOldGen       total 239104K, used 45K [0x0000000662000000, 0x0000000670980000, 0x000000074b580000)
  object space 239104K, 0% used [0x0000000662000000,0x000000066200b738,0x0000000670980000)
 Metaspace       used 20803K, capacity 21114K, committed 21248K, reserved 1067008K
  class space    used 2639K, capacity 2743K, committed 2816K, reserved 1048576K
Event: 1.216 GC heap after
Heap after GC invocations=2 (full 0):
 PSYoungGen      total 194048K, used 14819K [0x000000074b580000, 0x0000000758180000, 0x00000007c0000000)
  eden space 179200K, 0% used [0x000000074b580000,0x000000074b580000,0x0000000756480000)
  from space 14848K, 99% used [0x0000000757300000,0x0000000758178de8,0x0000000758180000)
  to   space 14848K, 0% used [0x0000000756480000,0x0000000756480000,0x0000000757300000)
 ParOldGen       total 239104K, used 7466K [0x0000000662000000, 0x0000000670980000, 0x000000074b580000)
  object space 239104K, 3% used [0x0000000662000000,0x000000066274ab50,0x0000000670980000)
 Metaspace       used 20803K, capacity 21114K, committed 21248K, reserved 1067008K
  class space    used 2639K, capacity 2743K, committed 2816K, reserved 1048576K
}
Event: 1.216 GC heap before
{Heap before GC invocations=3 (full 1):
 PSYoungGen      total 194048K, used 14819K [0x000000074b580000, 0x0000000758180000, 0x00000007c0000000)
  eden space 179200K, 0% used [0x000000074b580000,0x000000074b580000,0x0000000756480000)
  from space 14848K, 99% used [0x0000000757300000,0x0000000758178de8,0x0000000758180000)
  to   space 14848K, 0% used [0x0000000756480000,0x0000000756480000,0x0000000757300000)
 ParOldGen       total 239104K, used 7466K [0x0000000662000000, 0x0000000670980000, 0x000000074b580000)
  object space 239104K, 3% used [0x0000000662000000,0x000000066274ab50,0x0000000670980000)
 Metaspace       used 20803K, capacity 21114K, committed 21248K, reserved 1067008K
  class space    used 2639K, capacity 2743K, committed 2816K, reserved 1048576K
Event: 1.241 GC heap after
Heap after GC invocations=3 (full 1):
 PSYoungGen      total 194048K, used 0K [0x000000074b580000, 0x0000000758180000, 0x00000007c0000000)
  eden space 179200K, 0% used [0x000000074b580000,0x000000074b580000,0x0000000756480000)
  from space 14848K, 0% used [0x0000000757300000,0x0000000757300000,0x0000000758180000)
  to   space 14848K, 0% used [0x0000000756480000,0x0000000756480000,0x0000000757300000)
 ParOldGen       total 175104K, used 21824K [0x0000000662000000, 0x000000066cb00000, 0x000000074b580000)
  object space 175104K, 12% used [0x0000000662000000,0x0000000663550198,0x000000066cb00000)
 Metaspace       used 20803K, capacity 21114K, committed 21248K, reserved 1067008K
  class space    used 2639K, capacity 2743K, committed 2816K, reserved 1048576K
}

